<?xml version="1.0" encoding="UTF-8"?>
<!-- Generated by org.testng.reporters.JUnitReportReporter -->
<testsuite hostname="ryan-pc" name="com.cbs.testsuite.CBS_TC_SUITE" tests="3" failures="0" timestamp="18 Jan 2016 19:08:12 GMT" time="25.506" errors="0">
  <testcase name="testSearchPage" time="4.998" classname="com.cbs.testsuite.CBS_TC_SUITE"/>
  <testcase name="MenuItemLists" time="1.980" classname="com.cbs.testsuite.CBS_TC_SUITE"/>
  <testcase name="testNav" time="18.528" classname="com.cbs.testsuite.CBS_TC_SUITE"/>
</testsuite> <!-- com.cbs.testsuite.CBS_TC_SUITE -->
