<?xml version="1.0" encoding="UTF-8"?>
<!-- Generated by org.testng.reporters.JUnitReportReporter -->
<testsuite hostname="ryan-pc" name="com.cbs.testsuite.CBS_TC_SUITE_Test" tests="4" failures="0" timestamp="18 Jan 2016 20:39:54 GMT" time="39.171" errors="0">
  <testcase name="menuItemListsTest" time="1.194" classname="com.cbs.testsuite.CBS_TC_SUITE_Test"/>
  <testcase name="testNav" time="18.383" classname="com.cbs.testsuite.CBS_TC_SUITE_Test"/>
  <testcase name="testNav" time="18.401" classname="com.cbs.testsuite.CBS_TC_SUITE_Test"/>
  <testcase name="menuItemListsTest" time="1.193" classname="com.cbs.testsuite.CBS_TC_SUITE_Test"/>
</testsuite> <!-- com.cbs.testsuite.CBS_TC_SUITE_Test -->
