<?xml version="1.0" encoding="UTF-8"?>
<!-- Generated by org.testng.reporters.JUnitReportReporter -->
<testsuite hostname="ryan-pc" name="com.cbs.testsuite.CBS_TC_SUITE_Test" tests="2" failures="0" timestamp="19 Jan 2016 00:02:38 GMT" time="19.569" errors="0">
  <testcase name="testNav" time="18.352" classname="com.cbs.testsuite.CBS_TC_SUITE_Test"/>
  <testcase name="menuItemListsTest" time="1.217" classname="com.cbs.testsuite.CBS_TC_SUITE_Test"/>
</testsuite> <!-- com.cbs.testsuite.CBS_TC_SUITE_Test -->
