<?xml version="1.0" encoding="UTF-8"?>
<!-- Generated by org.testng.reporters.JUnitReportReporter -->
<testsuite hostname="ryan-pc" name="com.cbs.testsuite.CBS_TC_SUITE_Test" tests="2" failures="0" timestamp="19 Jan 2016 16:13:25 GMT" time="19.753" errors="0">
  <testcase name="testNav" time="18.468" classname="com.cbs.testsuite.CBS_TC_SUITE_Test"/>
  <testcase name="menuItemListsTest" time="1.285" classname="com.cbs.testsuite.CBS_TC_SUITE_Test"/>
</testsuite> <!-- com.cbs.testsuite.CBS_TC_SUITE_Test -->
