<?xml version="1.0" encoding="UTF-8"?>
<!-- Generated by org.testng.reporters.JUnitReportReporter -->
<testsuite hostname="ryan-pc" name="com.cbs.testsuite.CBS_TC_SUITE_Test" tests="4" failures="0" timestamp="19 Jan 2016 00:22:57 GMT" time="39.257" errors="0">
  <testcase name="menuItemListsTest" time="1.238" classname="com.cbs.testsuite.CBS_TC_SUITE_Test"/>
  <testcase name="menuItemListsTest" time="1.268" classname="com.cbs.testsuite.CBS_TC_SUITE_Test"/>
  <testcase name="testNav" time="18.392" classname="com.cbs.testsuite.CBS_TC_SUITE_Test"/>
  <testcase name="testNav" time="18.359" classname="com.cbs.testsuite.CBS_TC_SUITE_Test"/>
</testsuite> <!-- com.cbs.testsuite.CBS_TC_SUITE_Test -->
