<?xml version="1.0" encoding="UTF-8"?>
<!-- Generated by org.testng.reporters.JUnitReportReporter -->
<testsuite hostname="ryan-pc" name="com.cbs.testsuite.CBS_TC_SUITE_Test" tests="4" failures="0" timestamp="19 Jan 2016 16:22:58 GMT" time="39.478" errors="0">
  <testcase name="menuItemListsTest" time="1.181" classname="com.cbs.testsuite.CBS_TC_SUITE_Test"/>
  <testcase name="menuItemListsTest" time="1.241" classname="com.cbs.testsuite.CBS_TC_SUITE_Test"/>
  <testcase name="testNav" time="18.466" classname="com.cbs.testsuite.CBS_TC_SUITE_Test"/>
  <testcase name="testNav" time="18.590" classname="com.cbs.testsuite.CBS_TC_SUITE_Test"/>
</testsuite> <!-- com.cbs.testsuite.CBS_TC_SUITE_Test -->
