<?xml version="1.0" encoding="UTF-8"?>
<!-- Generated by org.testng.reporters.JUnitReportReporter -->
<testsuite hostname="ryan-pc" name="com.cbs.testsuite.CBS_TC_SUITE_Test" tests="4" failures="0" timestamp="18 Jan 2016 21:38:30 GMT" time="39.337" errors="0">
  <testcase name="testNav" time="18.373" classname="com.cbs.testsuite.CBS_TC_SUITE_Test"/>
  <testcase name="testNav" time="18.357" classname="com.cbs.testsuite.CBS_TC_SUITE_Test"/>
  <testcase name="menuItemListsTest" time="1.275" classname="com.cbs.testsuite.CBS_TC_SUITE_Test"/>
  <testcase name="menuItemListsTest" time="1.332" classname="com.cbs.testsuite.CBS_TC_SUITE_Test"/>
</testsuite> <!-- com.cbs.testsuite.CBS_TC_SUITE_Test -->
