<?xml version="1.0" encoding="UTF-8"?>
<!-- Generated by org.testng.reporters.JUnitReportReporter -->
<testsuite hostname="ryan-pc" name="com.cbs.testsuite.SearchResults_Test" tests="2" failures="0" timestamp="19 Jan 2016 16:22:58 GMT" time="14.023" errors="0">
  <testcase name="testSearchPage" time="5.176" classname="com.cbs.testsuite.SearchResults_Test"/>
  <testcase name="testSearchPage" time="8.847" classname="com.cbs.testsuite.SearchResults_Test"/>
</testsuite> <!-- com.cbs.testsuite.SearchResults_Test -->
