<?xml version="1.0" encoding="UTF-8"?>
<!-- Generated by org.testng.reporters.JUnitReportReporter -->
<testsuite hostname="ryan-pc" name="com.cbs.testsuite.SearchResults_Test" tests="2" failures="0" timestamp="18 Jan 2016 21:38:30 GMT" time="10.951" errors="0">
  <testcase name="testSearchPage" time="5.567" classname="com.cbs.testsuite.SearchResults_Test"/>
  <testcase name="testSearchPage" time="5.384" classname="com.cbs.testsuite.SearchResults_Test"/>
</testsuite> <!-- com.cbs.testsuite.SearchResults_Test -->
