<?xml version="1.0" encoding="UTF-8"?>
<!-- Generated by org.testng.reporters.JUnitReportReporter -->
<testsuite hostname="ryan-pc" name="com.cbs.testsuite.CBS_TC_SUITE_Test" tests="4" failures="0" timestamp="18 Jan 2016 22:12:16 GMT" time="39.424" errors="0">
  <testcase name="testNav" time="18.368" classname="com.cbs.testsuite.CBS_TC_SUITE_Test"/>
  <testcase name="menuItemListsTest" time="1.286" classname="com.cbs.testsuite.CBS_TC_SUITE_Test"/>
  <testcase name="menuItemListsTest" time="1.355" classname="com.cbs.testsuite.CBS_TC_SUITE_Test"/>
  <testcase name="testNav" time="18.415" classname="com.cbs.testsuite.CBS_TC_SUITE_Test"/>
</testsuite> <!-- com.cbs.testsuite.CBS_TC_SUITE_Test -->
